<?xml version="1.0" encoding="UTF-8"?>
<testsuite name="com.knalog.kominalog.controller.PostControllerTest" tests="1" skipped="0" failures="0" errors="0" timestamp="2023-07-14T07:57:41" hostname="DESKTOP-P3BN3HJ" time="1.258">
  <properties/>
  <testcase name="글 1개 조회" classname="com.knalog.kominalog.controller.PostControllerTest" time="1.258"/>
  <system-out><![CDATA[16:57:35.204 [Test worker] INFO org.springframework.test.context.support.AnnotationConfigContextLoaderUtils -- Could not detect default configuration classes for test class [com.knalog.kominalog.controller.PostControllerTest]: PostControllerTest does not declare any static, non-private, non-final, nested classes annotated with @Configuration.
16:57:35.429 [Test worker] INFO org.springframework.boot.test.context.SpringBootTestContextBootstrapper -- Found @SpringBootConfiguration com.knalog.kominalog.KominalogApplication for test class com.knalog.kominalog.controller.PostControllerTest

  .   ____          _            __ _ _
 /\\ / ___'_ __ _ _(_)_ __  __ _ \ \ \ \
( ( )\___ | '_ | '_| | '_ \/ _` | \ \ \ \
 \\/  ___)| |_)| | | | | || (_| |  ) ) ) )
  '  |____| .__|_| |_|_| |_\__, | / / / /
 =========|_|==============|___/=/_/_/_/
 :: Spring Boot ::                (v3.1.1)

2023-07-14T16:57:36.025+09:00  INFO 1944 --- [    Test worker] c.k.k.controller.PostControllerTest      : Starting PostControllerTest using Java 17.0.7 with PID 1944 (started by Kang-Dong in E:\DEV\Kominalog\kominalog)
2023-07-14T16:57:36.028+09:00  INFO 1944 --- [    Test worker] c.k.k.controller.PostControllerTest      : No active profile set, falling back to 1 default profile: "default"
2023-07-14T16:57:37.117+09:00  INFO 1944 --- [    Test worker] .s.d.r.c.RepositoryConfigurationDelegate : Bootstrapping Spring Data JPA repositories in DEFAULT mode.
2023-07-14T16:57:37.210+09:00  INFO 1944 --- [    Test worker] .s.d.r.c.RepositoryConfigurationDelegate : Finished Spring Data repository scanning in 76 ms. Found 1 JPA repository interfaces.
2023-07-14T16:57:37.843+09:00  INFO 1944 --- [    Test worker] com.zaxxer.hikari.HikariDataSource       : HikariPool-1 - Starting...
2023-07-14T16:57:38.104+09:00  INFO 1944 --- [    Test worker] com.zaxxer.hikari.pool.HikariPool        : HikariPool-1 - Added connection conn0: url=jdbc:h2:mem:124d14d5-46fd-46f4-8440-d3e7be5e6389 user=SA
2023-07-14T16:57:38.106+09:00  INFO 1944 --- [    Test worker] com.zaxxer.hikari.HikariDataSource       : HikariPool-1 - Start completed.
2023-07-14T16:57:38.196+09:00  INFO 1944 --- [    Test worker] o.hibernate.jpa.internal.util.LogHelper  : HHH000204: Processing PersistenceUnitInfo [name: default]
2023-07-14T16:57:38.305+09:00  INFO 1944 --- [    Test worker] org.hibernate.Version                    : HHH000412: Hibernate ORM core version 6.2.5.Final
2023-07-14T16:57:38.310+09:00  INFO 1944 --- [    Test worker] org.hibernate.cfg.Environment            : HHH000406: Using bytecode reflection optimizer
2023-07-14T16:57:38.537+09:00  INFO 1944 --- [    Test worker] o.h.b.i.BytecodeProviderInitiator        : HHH000021: Bytecode provider name : bytebuddy
2023-07-14T16:57:38.763+09:00  INFO 1944 --- [    Test worker] o.s.o.j.p.SpringPersistenceUnitInfo      : No LoadTimeWeaver setup: ignoring JPA class transformer
2023-07-14T16:57:39.093+09:00  INFO 1944 --- [    Test worker] o.h.b.i.BytecodeProviderInitiator        : HHH000021: Bytecode provider name : bytebuddy
2023-07-14T16:57:39.881+09:00  INFO 1944 --- [    Test worker] o.h.e.t.j.p.i.JtaPlatformInitiator       : HHH000490: Using JtaPlatform implementation: [org.hibernate.engine.transaction.jta.platform.internal.NoJtaPlatform]
2023-07-14T16:57:39.926+09:00  INFO 1944 --- [    Test worker] j.LocalContainerEntityManagerFactoryBean : Initialized JPA EntityManagerFactory for persistence unit 'default'
2023-07-14T16:57:40.511+09:00  WARN 1944 --- [    Test worker] JpaBaseConfiguration$JpaWebConfiguration : spring.jpa.open-in-view is enabled by default. Therefore, database queries may be performed during view rendering. Explicitly configure spring.jpa.open-in-view to disable this warning
2023-07-14T16:57:41.193+09:00  INFO 1944 --- [    Test worker] o.s.b.t.m.w.SpringBootMockServletContext : Initializing Spring TestDispatcherServlet ''
2023-07-14T16:57:41.193+09:00  INFO 1944 --- [    Test worker] o.s.t.web.servlet.TestDispatcherServlet  : Initializing Servlet ''
2023-07-14T16:57:41.204+09:00  INFO 1944 --- [    Test worker] o.s.t.web.servlet.TestDispatcherServlet  : Completed initialization in 1 ms
2023-07-14T16:57:41.258+09:00  INFO 1944 --- [    Test worker] c.k.k.controller.PostControllerTest      : Started PostControllerTest in 5.584 seconds (process running for 7.434)

MockHttpServletRequest:
      HTTP Method = GET
      Request URI = /posts/1
       Parameters = {}
          Headers = [Content-Type:"application/json;charset=UTF-8"]
             Body = null
    Session Attrs = {}

Handler:
             Type = com.knalog.kominalog.controller.PostController
           Method = com.knalog.kominalog.controller.PostController#get(Long)

Async:
    Async started = false
     Async result = null

Resolved Exception:
             Type = null

ModelAndView:
        View name = null
             View = null
            Model = null

FlashMap:
       Attributes = null

MockHttpServletResponse:
           Status = 200
    Error message = null
          Headers = [Content-Type:"application/json"]
     Content type = application/json
             Body = {"id":1,"title":"1234567890","content":"bar"}
    Forwarded URL = null
   Redirected URL = null
          Cookies = []
]]></system-out>
  <system-err><![CDATA[]]></system-err>
</testsuite>
